2025-07-20 11:18:40 WARN  TestNGContentHandler:133 - It is strongly recommended to add "<!DOCTYPE suite SYSTEM "https://testng.org/testng-1.1.dtd" >" at the top of the suite file [D:\RestAssuredDemo\RestAssDemoProjectDDT\testng.xml] otherwise TestNG may fail or not work as expected.
2025-07-20 11:18:40 INFO  Utils:112 - [TestNG] Running:
  D:\RestAssuredDemo\RestAssDemoProjectDDT\testng.xml

2025-07-20 11:18:41 INFO  DDTests:20 - ********* Starting test: Create User *********
2025-07-20 11:18:44 INFO  DDTests:35 - Received response for POST /user: Status Code = 200
2025-07-20 11:18:44 INFO  DDTests:38 - User created successfully: Ravi1
2025-07-20 11:18:44 INFO  DDTests:39 - ********* Finished test: Create User *********
2025-07-20 11:18:44 INFO  DDTests:20 - ********* Starting test: Create User *********
2025-07-20 11:18:45 INFO  DDTests:35 - Received response for POST /user: Status Code = 200
2025-07-20 11:18:45 INFO  DDTests:38 - User created successfully: Ravi2
2025-07-20 11:18:45 INFO  DDTests:39 - ********* Finished test: Create User *********
2025-07-20 11:18:45 INFO  DDTests:20 - ********* Starting test: Create User *********
2025-07-20 11:18:46 INFO  DDTests:35 - Received response for POST /user: Status Code = 200
2025-07-20 11:18:46 INFO  DDTests:38 - User created successfully: Ravi3
2025-07-20 11:18:46 INFO  DDTests:39 - ********* Finished test: Create User *********
2025-07-20 11:18:46 INFO  DDTests:44 - ********* Starting test: Delete User *********
2025-07-20 11:18:46 INFO  DDTests:45 - Deleting user with username: Ravi1
2025-07-20 11:18:48 INFO  DDTests:50 - Received response for DELETE /user/{username}: Status Code = 404
2025-07-20 11:18:48 INFO  DDTests:44 - ********* Starting test: Delete User *********
2025-07-20 11:18:48 INFO  DDTests:45 - Deleting user with username: Ravi2
2025-07-20 11:18:49 INFO  DDTests:50 - Received response for DELETE /user/{username}: Status Code = 200
2025-07-20 11:18:49 INFO  DDTests:53 - User deleted successfully: Ravi2
2025-07-20 11:18:49 INFO  DDTests:54 - ********* Finished test: Delete User *********
2025-07-20 11:18:49 INFO  DDTests:44 - ********* Starting test: Delete User *********
2025-07-20 11:18:49 INFO  DDTests:45 - Deleting user with username: Ravi3
2025-07-20 11:18:50 INFO  DDTests:50 - Received response for DELETE /user/{username}: Status Code = 200
2025-07-20 11:18:50 INFO  DDTests:53 - User deleted successfully: Ravi3
2025-07-20 11:18:50 INFO  DDTests:54 - ********* Finished test: Delete User *********
2025-07-20 11:43:32 WARN  TestNGContentHandler:133 - It is strongly recommended to add "<!DOCTYPE suite SYSTEM "https://testng.org/testng-1.1.dtd" >" at the top of the suite file [D:\RestAssuredDemo\RestAssDemoProjectDDT\testng.xml] otherwise TestNG may fail or not work as expected.
2025-07-20 11:43:33 INFO  Utils:112 - [TestNG] Running:
  D:\RestAssuredDemo\RestAssDemoProjectDDT\testng.xml

2025-07-20 11:43:34 INFO  DDTests:23 - ********* Starting test: Create User *********
2025-07-20 11:43:37 INFO  DDTests:40 - Response received with status: 200
2025-07-20 11:43:37 INFO  DDTests:45 - User created successfully: Ravi1
2025-07-20 11:43:37 INFO  DDTests:23 - ********* Starting test: Create User *********
2025-07-20 11:43:38 INFO  DDTests:40 - Response received with status: 200
2025-07-20 11:43:38 INFO  DDTests:45 - User created successfully: Ravi2
2025-07-20 11:43:38 INFO  DDTests:23 - ********* Starting test: Create User *********
2025-07-20 11:43:39 INFO  DDTests:40 - Response received with status: 200
2025-07-20 11:43:39 INFO  DDTests:45 - User created successfully: Ravi3
2025-07-20 11:43:39 INFO  DDTests:52 - ********* Starting test: Delete User *********
2025-07-20 11:43:40 INFO  DDTests:58 - Response status for deletion: 200
2025-07-20 11:43:40 INFO  DDTests:63 - User deleted: Ravi1
2025-07-20 11:43:40 INFO  DDTests:52 - ********* Starting test: Delete User *********
2025-07-20 11:43:42 INFO  DDTests:58 - Response status for deletion: 200
2025-07-20 11:43:42 INFO  DDTests:63 - User deleted: Ravi2
2025-07-20 11:43:42 INFO  DDTests:52 - ********* Starting test: Delete User *********
2025-07-20 11:43:43 INFO  DDTests:58 - Response status for deletion: 200
2025-07-20 11:43:43 INFO  DDTests:63 - User deleted: Ravi3
2025-07-20 11:44:01 WARN  TestNGContentHandler:133 - It is strongly recommended to add "<!DOCTYPE suite SYSTEM "https://testng.org/testng-1.1.dtd" >" at the top of the suite file [D:\RestAssuredDemo\RestAssDemoProjectDDT\testng.xml] otherwise TestNG may fail or not work as expected.
2025-07-20 11:44:01 INFO  Utils:112 - [TestNG] Running:
  D:\RestAssuredDemo\RestAssDemoProjectDDT\testng.xml

2025-07-20 11:44:02 INFO  DDTests:23 - ********* Starting test: Create User *********
2025-07-20 11:44:05 INFO  DDTests:40 - Response received with status: 200
2025-07-20 11:44:05 INFO  DDTests:45 - User created successfully: Ravi1
2025-07-20 11:44:05 INFO  DDTests:23 - ********* Starting test: Create User *********
2025-07-20 11:44:06 INFO  DDTests:40 - Response received with status: 200
2025-07-20 11:44:06 INFO  DDTests:45 - User created successfully: Ravi2
2025-07-20 11:44:06 INFO  DDTests:23 - ********* Starting test: Create User *********
2025-07-20 11:44:07 INFO  DDTests:40 - Response received with status: 200
2025-07-20 11:44:07 INFO  DDTests:45 - User created successfully: Ravi3
2025-07-20 11:44:07 INFO  DDTests:52 - ********* Starting test: Delete User *********
2025-07-20 11:44:09 INFO  DDTests:58 - Response status for deletion: 200
2025-07-20 11:44:09 INFO  DDTests:63 - User deleted: Ravi1
2025-07-20 11:44:09 INFO  DDTests:52 - ********* Starting test: Delete User *********
2025-07-20 11:44:10 INFO  DDTests:58 - Response status for deletion: 404
2025-07-20 11:44:10 INFO  DDTests:52 - ********* Starting test: Delete User *********
2025-07-20 11:44:11 INFO  DDTests:58 - Response status for deletion: 200
2025-07-20 11:44:11 INFO  DDTests:63 - User deleted: Ravi3
2025-07-20 11:59:10 INFO  Utils:112 - [Utils] MethodGroupsHelper.collectMethodsByGroup() took 0 ms.
2025-07-20 11:59:10 INFO  Utils:112 - [Utils] MethodGroupsHelper.sortMethods() took 2 ms.
2025-07-20 11:59:10 INFO  Utils:112 - [Utils] MethodGroupsHelper.collectMethodsByGroup() took 0 ms.
2025-07-20 11:59:10 INFO  Utils:112 - [Utils] MethodGroupsHelper.sortMethods() took 0 ms.
2025-07-20 11:59:10 INFO  Utils:112 - [Utils] MethodGroupsHelper.collectMethodsByGroup() took 0 ms.
2025-07-20 11:59:10 INFO  Utils:112 - [Utils] MethodGroupsHelper.sortMethods() took 0 ms.
2025-07-20 11:59:10 INFO  Utils:112 - [Utils] MethodGroupsHelper.collectMethodsByGroup() took 0 ms.
2025-07-20 11:59:10 INFO  Utils:112 - [Utils] MethodGroupsHelper.sortMethods() took 0 ms.
2025-07-20 11:59:10 INFO  Utils:112 - [Utils] MethodGroupsHelper.collectMethodsByGroup() took 0 ms.
2025-07-20 11:59:10 INFO  Utils:112 - [Utils] MethodGroupsHelper.sortMethods() took 0 ms.
2025-07-20 11:59:10 INFO  Utils:112 - [Utils] MethodGroupsHelper.collectMethodsByGroup() took 0 ms.
2025-07-20 11:59:10 INFO  Utils:112 - [Utils] MethodGroupsHelper.sortMethods() took 0 ms.
2025-07-20 11:59:10 INFO  Utils:112 - [Utils] MethodGroupsHelper.collectMethodsByGroup() took 0 ms.
2025-07-20 11:59:10 INFO  Utils:112 - [Utils] MethodGroupsHelper.sortMethods() took 0 ms.
2025-07-20 11:59:10 INFO  Utils:112 - [Utils] MethodGroupsHelper.collectMethodsByGroup() took 0 ms.
2025-07-20 11:59:10 INFO  Utils:112 - [Utils] MethodGroupsHelper.sortMethods() took 0 ms.
2025-07-20 11:59:10 INFO  Utils:112 - [Utils] MethodGroupsHelper.collectMethodsByGroup() took 0 ms.
2025-07-20 11:59:10 INFO  Utils:112 - [Utils] MethodGroupsHelper.sortMethods() took 0 ms.
2025-07-20 11:59:10 INFO  Utils:112 - [Utils] MethodGroupsHelper.collectMethodsByGroup() took 0 ms.
2025-07-20 11:59:10 INFO  Utils:112 - [Utils] MethodGroupsHelper.sortMethods() took 0 ms.
2025-07-20 11:59:10 INFO  Utils:112 - [Utils] MethodGroupsHelper.collectMethodsByGroup() took 0 ms.
2025-07-20 11:59:10 INFO  Utils:112 - [Utils] MethodGroupsHelper.sortMethods() took 0 ms.
2025-07-20 11:59:10 INFO  Utils:112 - [Utils] MethodGroupsHelper.collectMethodsByGroup() took 0 ms.
2025-07-20 11:59:10 INFO  Utils:112 - [Utils] MethodGroupsHelper.sortMethods() took 0 ms.
2025-07-20 11:59:10 INFO  Utils:112 - [Utils] MethodGroupsHelper.collectMethodsByGroup() took 4 ms.
2025-07-20 11:59:10 INFO  Utils:112 - [Utils] MethodGroupsHelper.sortMethods() took 5 ms.
2025-07-20 11:59:10 INFO  Utils:112 - [Utils] MethodGroupsHelper.collectMethodsByGroup() took 0 ms.
2025-07-20 11:59:10 INFO  Utils:112 - [Utils] MethodGroupsHelper.sortMethods() took 0 ms.
2025-07-20 11:59:10 INFO  Utils:112 - [Utils] MethodGroupsHelper.collectMethodsByGroup() took 0 ms.
2025-07-20 11:59:10 INFO  Utils:112 - [Utils] MethodGroupsHelper.sortMethods() took 0 ms.
2025-07-20 11:59:10 INFO  Utils:112 - [TestNG] Running:
  C:\Users\ravig\AppData\Local\Temp\testng-eclipse-1624529415\testng-customsuite.xml

2025-07-20 11:59:11 INFO  Utils:112 - [Utils] DynamicGraphHelper.createDynamicGraph() took 3 ms.
2025-07-20 11:59:27 INFO  Utils:112 - [TestNG] Time taken by org.testng.reporters.jq.Main@21b744ec: 76 ms
2025-07-20 11:59:27 INFO  Utils:112 - [TestNG] Time taken by org.testng.reporters.FailedReporter@a5e8260: 19 ms
2025-07-20 11:59:27 INFO  Utils:112 - [TestNG] Time taken by org.testng.reporters.XMLReporter@51132514: 15 ms
2025-07-20 11:59:27 INFO  Utils:112 - [TestNG] Time taken by org.testng.reporters.EmailableReporter2@49c83262: 7 ms
2025-07-20 11:59:27 INFO  Utils:112 - [TestNG] Time taken by org.testng.reporters.JUnitReportReporter@184de357: 6 ms
2025-07-20 11:59:27 INFO  Utils:112 - [TestNG] Time taken by org.testng.internal.ExitCodeListener@efe49ab: 0 ms
2025-07-20 12:08:33 WARN  TestNGContentHandler:133 - It is strongly recommended to add "<!DOCTYPE suite SYSTEM "https://testng.org/testng-1.1.dtd" >" at the top of the suite file [D:\RestAssuredDemo\RestAssDemoProjectDDT\testng.xml] otherwise TestNG may fail or not work as expected.
2025-07-20 12:08:35 INFO  DDTests:23 - ********* Starting test: Create User *********
2025-07-20 12:08:37 INFO  DDTests:40 - Response received with status: 200
2025-07-20 12:08:37 INFO  DDTests:45 - User created successfully: Ravi1
2025-07-20 12:08:37 INFO  DDTests:23 - ********* Starting test: Create User *********
2025-07-20 12:08:39 INFO  DDTests:40 - Response received with status: 200
2025-07-20 12:08:39 INFO  DDTests:45 - User created successfully: Ravi2
2025-07-20 12:08:39 INFO  DDTests:23 - ********* Starting test: Create User *********
2025-07-20 12:08:40 INFO  DDTests:40 - Response received with status: 200
2025-07-20 12:08:40 INFO  DDTests:45 - User created successfully: Ravi3
2025-07-20 12:08:40 INFO  DDTests:52 - ********* Starting test: Delete User *********
2025-07-20 12:08:41 INFO  DDTests:58 - Response status for deletion: 200
2025-07-20 12:08:41 INFO  DDTests:63 - User deleted: Ravi1
2025-07-20 12:08:41 INFO  DDTests:52 - ********* Starting test: Delete User *********
2025-07-20 12:08:43 INFO  DDTests:58 - Response status for deletion: 200
2025-07-20 12:08:43 INFO  DDTests:63 - User deleted: Ravi2
2025-07-20 12:08:43 INFO  DDTests:52 - ********* Starting test: Delete User *********
2025-07-20 12:08:44 INFO  DDTests:58 - Response status for deletion: 200
2025-07-20 12:08:44 INFO  DDTests:63 - User deleted: Ravi3
2025-07-20 12:12:53 WARN  TestNGContentHandler:133 - It is strongly recommended to add "<!DOCTYPE suite SYSTEM "https://testng.org/testng-1.1.dtd" >" at the top of the suite file [D:\RestAssuredDemo\RestAssDemoProjectDDT\testng.xml] otherwise TestNG may fail or not work as expected.
2025-07-20 12:12:55 INFO  DDTests:23 - ********* Starting test: Create User *********
2025-07-20 12:13:00 INFO  DDTests:40 - Response received with status: 200
2025-07-20 12:13:00 INFO  DDTests:45 - User created successfully: Ravi1
2025-07-20 12:13:00 INFO  DDTests:23 - ********* Starting test: Create User *********
2025-07-20 12:13:01 INFO  DDTests:40 - Response received with status: 200
2025-07-20 12:13:01 INFO  DDTests:45 - User created successfully: Ravi2
2025-07-20 12:13:01 INFO  DDTests:23 - ********* Starting test: Create User *********
2025-07-20 12:13:02 INFO  DDTests:40 - Response received with status: 200
2025-07-20 12:13:02 INFO  DDTests:45 - User created successfully: Ravi3
2025-07-20 12:13:02 INFO  DDTests:52 - ********* Starting test: Delete User *********
2025-07-20 12:13:04 INFO  DDTests:58 - Response status for deletion: 200
2025-07-20 12:13:04 INFO  DDTests:63 - User deleted: Ravi1
2025-07-20 12:13:04 INFO  DDTests:52 - ********* Starting test: Delete User *********
2025-07-20 12:13:05 INFO  DDTests:58 - Response status for deletion: 200
2025-07-20 12:13:05 INFO  DDTests:63 - User deleted: Ravi2
2025-07-20 12:13:05 INFO  DDTests:52 - ********* Starting test: Delete User *********
2025-07-20 12:13:06 INFO  DDTests:58 - Response status for deletion: 200
2025-07-20 12:13:06 INFO  DDTests:63 - User deleted: Ravi3
